This is pdfTeX, Version 3.141592653-2.6-1.40.27 (TeX Live 2026/dev/Arch Linux) (preloaded format=pdflatex 2025.7.31)  31 JUL 2025 13:44
entering extended mode
 restricted \write18 enabled.
 file:line:error style messages enabled.
 %&-line parsing enabled.
**\input /home/okkorail/Téléchargements/test/document.tex

! Emergency stop.
<to be read again> 
                   \global 
<*> \input /home/okkorail/Té
                             léchargements/test/document.tex
End of file on the terminal!

 
Here is how much of TeX's memory you used:
 14 strings out of 475171
 349 string characters out of 5767095
 386848 words of memory out of 5000000
 23112 multiletter control sequences out of 15000+600000
 558837 words of font info for 36 fonts, out of 8000000 for 9000
 14 hyphenation exceptions out of 8191
 11i,0n,13p,88b,8s stack positions out of 10000i,1000n,20000p,200000b,200000s
!  ==> Fatal error occurred, no output PDF file produced!
